Using pre-set license
Built from '2020.3/staging' branch; Version is '2020.3.10f1 (297d780c91bc) revision 2719096'; Using compiler version '192528614'; Build Type 'Release'
OS: 'Windows 10 Pro; OS build 19042.1052; Version 2009; 64bit' Language: 'ko' Physical Memory: 3985 MB
BatchMode: 1, IsHumanControllingUs: 0, StartBugReporterOnCrash: 0, Is64bit: 1, IsPro: 0

 COMMAND LINE ARGUMENTS:
C:\Program Files\Unity\Hub\Editor\2020.3.10f1\Editor\Unity.exe
-adb2
-batchMode
-noUpm
-name
AssetImportWorker0
-projectPath
D:/LILY/UnityEngine/gitCityBuild/CityBuild/CityBuild
-logFile
Logs/AssetImportWorker0.log
-srvPort
64412
Successfully changed project path to: D:/LILY/UnityEngine/gitCityBuild/CityBuild/CityBuild
D:/LILY/UnityEngine/gitCityBuild/CityBuild/CityBuild
Using Asset Import Pipeline V2.
Refreshing native plugins compatible for Editor in 180.16 ms, found 2 plugins.
Preloading 0 native plugins for Editor in 0.00 ms.
Initialize engine version: 2020.3.10f1 (297d780c91bc)
[Subsystems] Discovering subsystems at path C:/Program Files/Unity/Hub/Editor/2020.3.10f1/Editor/Data/Resources/UnitySubsystems
[Subsystems] Discovering subsystems at path D:/LILY/UnityEngine/gitCityBuild/CityBuild/CityBuild/Assets
GfxDevice: creating device client; threaded=0
Direct3D:
    Version:  Direct3D 11.0 [level 11.0]
    Renderer: NVIDIA GeForce GTS 450 (ID=0x1245)
    Vendor:   
    VRAM:     458 MB
    Driver:   23.21.13.9135
Initialize mono
Mono path[0] = 'C:/Program Files/Unity/Hub/Editor/2020.3.10f1/Editor/Data/Managed'
Mono path[1] = 'C:/Program Files/Unity/Hub/Editor/2020.3.10f1/Editor/Data/MonoBleedingEdge/lib/mono/unityjit'
Mono config path = 'C:/Program Files/Unity/Hub/Editor/2020.3.10f1/Editor/Data/MonoBleedingEdge/etc'
Using monoOptions --debugger-agent=transport=dt_socket,embedding=1,server=y,suspend=n,address=127.0.0.1:56968
Begin MonoManager ReloadAssembly
Registering precompiled unity dll's ...
Register platform support module: C:/Program Files/Unity/Hub/Editor/2020.3.10f1/Editor/Data/PlaybackEngines/WindowsStandaloneSupport/UnityEditor.WindowsStandalone.Extensions.dll
Registered in 0.007063 seconds.
Native extension for WindowsStandalone target not found
Refreshing native plugins compatible for Editor in 49.53 ms, found 2 plugins.
Preloading 0 native plugins for Editor in 0.00 ms.
Mono: successfully reloaded assembly
- Completed reload, in  6.222 seconds
Platform modules already initialized, skipping
Registering precompiled user dll's ...
Registered in 0.104054 seconds.
Begin MonoManager ReloadAssembly
Native extension for WindowsStandalone target not found
Refreshing native plugins compatible for Editor in 0.55 ms, found 2 plugins.
Preloading 0 native plugins for Editor in 0.00 ms.
Mono: successfully reloaded assembly
- Completed reload, in  2.196 seconds
Platform modules already initialized, skipping
========================================================================
Worker process is ready to serve import requests
Launched and connected shader compiler UnityShaderCompiler.exe after 0.10 seconds
Refreshing native plugins compatible for Editor in 0.41 ms, found 2 plugins.
Preloading 0 native plugins for Editor in 0.00 ms.
Unloading 1386 Unused Serialized files (Serialized files now loaded: 0)
System memory in use before: 67.3 MB.
System memory in use after: 67.3 MB.

Unloading 19 unused Assets to reduce memory usage. Loaded Objects now: 1819.
Total: 2.689800 ms (FindLiveObjects: 0.186500 ms CreateObjectMapping: 0.067000 ms MarkObjects: 2.298600 ms  DeleteObjects: 0.135600 ms)

========================================================================
Received Import Request.
  path: Assets
  artifactKey: Guid(00000000000000001000000000000000) Importer(815301076,1909f56bfc062723c751e8b465ee728b)
Start importing Assets using Guid(00000000000000001000000000000000) Importer(815301076,1909f56bfc062723c751e8b465ee728b)  -> (artifact id: '42d402b061de3733987d63b9cc3b64de') in 0.021643 seconds
  Import took 0.036392 seconds .

========================================================================
Received Import Request.
  Time since last request: 0.000396 seconds.
  path: Assets/03.Prefabs
  artifactKey: Guid(518567ac9b5bd3f48b3eebaa93a9dae6) Importer(815301076,1909f56bfc062723c751e8b465ee728b)
Start importing Assets/03.Prefabs using Guid(518567ac9b5bd3f48b3eebaa93a9dae6) Importer(815301076,1909f56bfc062723c751e8b465ee728b)  -> (artifact id: '72563ff85d23818a7390c54223fc7bf0') in 0.020595 seconds
  Import took 0.027320 seconds .

========================================================================
Received Import Request.
  Time since last request: 1.980906 seconds.
  path: Assets/04.Images
  artifactKey: Guid(d7dbe128cf15c6f4086b653b71c62f0d) Importer(815301076,1909f56bfc062723c751e8b465ee728b)
Start importing Assets/04.Images using Guid(d7dbe128cf15c6f4086b653b71c62f0d) Importer(815301076,1909f56bfc062723c751e8b465ee728b)  -> (artifact id: '9f528cffd75db7db87ba1f0caba1cf5c') in 0.017458 seconds
  Import took 0.021917 seconds .

========================================================================
Received Import Request.
  Time since last request: 4.079201 seconds.
  path: Assets/05.Models
  artifactKey: Guid(165b17b08051c2a49861fe4fc90f3794) Importer(815301076,1909f56bfc062723c751e8b465ee728b)
Start importing Assets/05.Models using Guid(165b17b08051c2a49861fe4fc90f3794) Importer(815301076,1909f56bfc062723c751e8b465ee728b)  -> (artifact id: 'd342fe106ffc4360b81889ead5d74aac') in 0.014961 seconds
  Import took 0.039092 seconds .

========================================================================
Received Import Request.
  Time since last request: 3.970570 seconds.
  path: Assets/06.Sounds
  artifactKey: Guid(f71f5b81c699bf74682a7e107e4eda50) Importer(815301076,1909f56bfc062723c751e8b465ee728b)
Start importing Assets/06.Sounds using Guid(f71f5b81c699bf74682a7e107e4eda50) Importer(815301076,1909f56bfc062723c751e8b465ee728b)  -> (artifact id: '60c0cdafdcbaa3830bbdf4d60d35a540') in 0.017041 seconds
  Import took 0.021243 seconds .

========================================================================
Received Import Request.
  Time since last request: 6.904775 seconds.
  path: Assets/07.Animations
  artifactKey: Guid(86892cac11b742641ae2aafdd0370f3d) Importer(815301076,1909f56bfc062723c751e8b465ee728b)
Start importing Assets/07.Animations using Guid(86892cac11b742641ae2aafdd0370f3d) Importer(815301076,1909f56bfc062723c751e8b465ee728b)  -> (artifact id: '00c3756af7efb981771fc8b159e5a839') in 0.017888 seconds
  Import took 0.021691 seconds .

========================================================================
Received Import Request.
  Time since last request: 0.000756 seconds.
  path: Assets/07.Animations
  artifactKey: Guid(86892cac11b742641ae2aafdd0370f3d) Importer(815301076,1909f56bfc062723c751e8b465ee728b)
Start importing Assets/07.Animations using Guid(86892cac11b742641ae2aafdd0370f3d) Importer(815301076,1909f56bfc062723c751e8b465ee728b)  -> (artifact id: '00c3756af7efb981771fc8b159e5a839') in 0.011021 seconds
  Import took 0.014495 seconds .

========================================================================
Received Import Request.
  Time since last request: 84.061436 seconds.
  path: Assets/Resources
  artifactKey: Guid(5198a8553b600bc48990640757b0c604) Importer(815301076,1909f56bfc062723c751e8b465ee728b)
Start importing Assets/Resources using Guid(5198a8553b600bc48990640757b0c604) Importer(815301076,1909f56bfc062723c751e8b465ee728b)  -> (artifact id: '2b3c1da28d367a3912b0cbd29d738cf5') in 0.016454 seconds
  Import took 0.031101 seconds .

========================================================================
Received Import Request.
  Time since last request: 7.892399 seconds.
  path: Assets/01.Scenes
  artifactKey: Guid(ec592afbf1f2bae4bb814ae8cdcf4206) Importer(815301076,1909f56bfc062723c751e8b465ee728b)
Start importing Assets/01.Scenes using Guid(ec592afbf1f2bae4bb814ae8cdcf4206) Importer(815301076,1909f56bfc062723c751e8b465ee728b)  -> (artifact id: '3de9ac0c92fb88dffa1fdfbbde4aa27e') in 0.025222 seconds
  Import took 0.059629 seconds .

========================================================================
Received Import Request.
  Time since last request: 0.977118 seconds.
  path: Assets/01.Scenes/SampleScene.unity
  artifactKey: Guid(9fc0d4010bbf28b4594072e72b8655ab) Importer(815301076,1909f56bfc062723c751e8b465ee728b)
Start importing Assets/01.Scenes/SampleScene.unity using Guid(9fc0d4010bbf28b4594072e72b8655ab) Importer(815301076,1909f56bfc062723c751e8b465ee728b)  -> (artifact id: '85059f4f9e1a832ed95adaa0d25c5c4c') in 0.036026 seconds
  Import took 0.040542 seconds .

========================================================================
Received Import Request.
  Time since last request: 11.430494 seconds.
  path: Assets/01.Scenes/UI.unity
  artifactKey: Guid(9fc0d4010bbf28b4594072e72b8655ab) Importer(815301076,1909f56bfc062723c751e8b465ee728b)
Start importing Assets/01.Scenes/UI.unity using Guid(9fc0d4010bbf28b4594072e72b8655ab) Importer(815301076,1909f56bfc062723c751e8b465ee728b)  -> (artifact id: '8e0e6b93f2dad355f7bf64b4a6e894cb') in 0.028381 seconds
  Import took 0.035442 seconds .

========================================================================
Received Prepare
Registering precompiled user dll's ...
Registered in 0.043714 seconds.
Begin MonoManager ReloadAssembly
Native extension for WindowsStandalone target not found
Refreshing native plugins compatible for Editor in 0.47 ms, found 2 plugins.
Preloading 0 native plugins for Editor in 0.00 ms.
Mono: successfully reloaded assembly
- Completed reload, in  3.197 seconds
Platform modules already initialized, skipping
Refreshing native plugins compatible for Editor in 0.46 ms, found 2 plugins.
Preloading 0 native plugins for Editor in 0.00 ms.
Unloading 1381 Unused Serialized files (Serialized files now loaded: 0)
System memory in use before: 67.2 MB.
System memory in use after: 67.3 MB.

Unloading 14 unused Assets to reduce memory usage. Loaded Objects now: 1822.
Total: 3.657800 ms (FindLiveObjects: 0.217600 ms CreateObjectMapping: 0.067000 ms MarkObjects: 3.211700 ms  DeleteObjects: 0.159600 ms)

========================================================================
Received Import Request.
  Time since last request: 10397.183728 seconds.
  path: Assets/04.Images/borderline.jpg
  artifactKey: Guid(8dc299eeac286a14798b70fc8b6af020) Importer(815301076,1909f56bfc062723c751e8b465ee728b)
Start importing Assets/04.Images/borderline.jpg using Guid(8dc299eeac286a14798b70fc8b6af020) Importer(815301076,1909f56bfc062723c751e8b465ee728b)  -> (artifact id: '96b1049dca6d745f832fcd1231481db6') in 1.213832 seconds
  Import took 1.409919 seconds .

========================================================================
Received Import Request.
  Time since last request: 0.000743 seconds.
  path: Assets/04.Images/borderline2.jpg
  artifactKey: Guid(c9dc1e069e2dca44ab09320058958ac1) Importer(815301076,1909f56bfc062723c751e8b465ee728b)
Start importing Assets/04.Images/borderline2.jpg using Guid(c9dc1e069e2dca44ab09320058958ac1) Importer(815301076,1909f56bfc062723c751e8b465ee728b)  -> (artifact id: '06db1c3f86b409dc152fae8bd1a5af04') in 0.028916 seconds
  Import took 0.038034 seconds .

========================================================================
Received Import Request.
  Time since last request: 7.151694 seconds.
  path: Assets/04.Images/borderline.jpg
  artifactKey: Guid(8dc299eeac286a14798b70fc8b6af020) Importer(815301076,1909f56bfc062723c751e8b465ee728b)
Start importing Assets/04.Images/borderline.jpg using Guid(8dc299eeac286a14798b70fc8b6af020) Importer(815301076,1909f56bfc062723c751e8b465ee728b)  -> (artifact id: '32b4ced2557ea4b53a9938cfb9599334') in 0.125915 seconds
  Import took 0.144813 seconds .

========================================================================
Received Import Request.
  Time since last request: 4.022538 seconds.
  path: Assets/04.Images/borderline2.jpg
  artifactKey: Guid(c9dc1e069e2dca44ab09320058958ac1) Importer(815301076,1909f56bfc062723c751e8b465ee728b)
Start importing Assets/04.Images/borderline2.jpg using Guid(c9dc1e069e2dca44ab09320058958ac1) Importer(815301076,1909f56bfc062723c751e8b465ee728b)  -> (artifact id: 'b3f1131d37bc158012be418af3e6681d') in 0.025718 seconds
  Import took 0.050545 seconds .

========================================================================
Received Import Request.
  Time since last request: 829.388783 seconds.
  path: Assets/04.Images/borderline_1.png
  artifactKey: Guid(6a242286db6b16348814536405efab91) Importer(815301076,1909f56bfc062723c751e8b465ee728b)
Start importing Assets/04.Images/borderline_1.png using Guid(6a242286db6b16348814536405efab91) Importer(815301076,1909f56bfc062723c751e8b465ee728b)  -> (artifact id: '362dcd0f5b316342999c8cc782aba8d5') in 0.483368 seconds
  Import took 0.840850 seconds .

========================================================================
Received Import Request.
  Time since last request: 3.313502 seconds.
  path: Assets/04.Images/borderline_1.png
  artifactKey: Guid(6a242286db6b16348814536405efab91) Importer(815301076,1909f56bfc062723c751e8b465ee728b)
Start importing Assets/04.Images/borderline_1.png using Guid(6a242286db6b16348814536405efab91) Importer(815301076,1909f56bfc062723c751e8b465ee728b)  -> (artifact id: '7680159ba3b828f7225036a01d80000f') in 0.413316 seconds
  Import took 0.425778 seconds .

========================================================================
Received Import Request.
  Time since last request: 0.822554 seconds.
  path: Assets/04.Images/borderline_2.png
  artifactKey: Guid(699bdec0a6a6ceb4eb2e21c934c2d553) Importer(815301076,1909f56bfc062723c751e8b465ee728b)
Start importing Assets/04.Images/borderline_2.png using Guid(699bdec0a6a6ceb4eb2e21c934c2d553) Importer(815301076,1909f56bfc062723c751e8b465ee728b)  -> (artifact id: '2d93c6bb7b85072820671db1270ee66e') in 0.119154 seconds
  Import took 0.158502 seconds .

========================================================================
Received Import Request.
  Time since last request: 5.256932 seconds.
  path: Assets/04.Images/borderline_2.png
  artifactKey: Guid(699bdec0a6a6ceb4eb2e21c934c2d553) Importer(815301076,1909f56bfc062723c751e8b465ee728b)
Start importing Assets/04.Images/borderline_2.png using Guid(699bdec0a6a6ceb4eb2e21c934c2d553) Importer(815301076,1909f56bfc062723c751e8b465ee728b)  -> (artifact id: '43b5cd581a1c9cb6dacbba2ea49be5c3') in 0.119796 seconds
  Import took 0.142004 seconds .

========================================================================
Received Import Request.
  Time since last request: 9944.772553 seconds.
  path: Assets/02.Scripts
  artifactKey: Guid(2928ef38be30be94ba1e1a84be577f2d) Importer(815301076,1909f56bfc062723c751e8b465ee728b)
Start importing Assets/02.Scripts using Guid(2928ef38be30be94ba1e1a84be577f2d) Importer(815301076,1909f56bfc062723c751e8b465ee728b)  -> (artifact id: 'ca5c661685d0360b8b97605c3cc9767e') in 0.095835 seconds
  Import took 0.467692 seconds .

========================================================================
Received Import Request.
  Time since last request: 1999.970451 seconds.
  path: Assets/02.Scripts/BuildingUISelect.cs
  artifactKey: Guid(d0476680c5d32ff46959d85b5219d715) Importer(815301076,1909f56bfc062723c751e8b465ee728b)
Start importing Assets/02.Scripts/BuildingUISelect.cs using Guid(d0476680c5d32ff46959d85b5219d715) Importer(815301076,1909f56bfc062723c751e8b465ee728b)  -> (artifact id: 'c03b72b72880e9d69ba2f47469dd5a1b') in 0.133636 seconds
  Import took 0.516400 seconds .

========================================================================
Received Prepare
Registering precompiled user dll's ...
Registered in 0.191851 seconds.
Begin MonoManager ReloadAssembly
Native extension for WindowsStandalone target not found
Refreshing native plugins compatible for Editor in 0.65 ms, found 2 plugins.
Preloading 0 native plugins for Editor in 0.00 ms.
Mono: successfully reloaded assembly
- Completed reload, in  2.856 seconds
Platform modules already initialized, skipping
Refreshing native plugins compatible for Editor in 0.44 ms, found 2 plugins.
Preloading 0 native plugins for Editor in 0.00 ms.
Unloading 1382 Unused Serialized files (Serialized files now loaded: 0)
System memory in use before: 70.4 MB.
System memory in use after: 70.4 MB.

Unloading 14 unused Assets to reduce memory usage. Loaded Objects now: 1837.
Total: 5.196800 ms (FindLiveObjects: 0.290400 ms CreateObjectMapping: 0.097400 ms MarkObjects: 3.987700 ms  DeleteObjects: 0.819000 ms)

========================================================================
Received Prepare
Registering precompiled user dll's ...
Registered in 0.084970 seconds.
Begin MonoManager ReloadAssembly
Native extension for WindowsStandalone target not found
Refreshing native plugins compatible for Editor in 0.70 ms, found 2 plugins.
Preloading 0 native plugins for Editor in 0.00 ms.
Mono: successfully reloaded assembly
- Completed reload, in  2.860 seconds
Platform modules already initialized, skipping
Refreshing native plugins compatible for Editor in 0.44 ms, found 2 plugins.
Preloading 0 native plugins for Editor in 0.00 ms.
Unloading 1382 Unused Serialized files (Serialized files now loaded: 0)
System memory in use before: 70.4 MB.
System memory in use after: 70.4 MB.

Unloading 14 unused Assets to reduce memory usage. Loaded Objects now: 1840.
Total: 19.478600 ms (FindLiveObjects: 1.032500 ms CreateObjectMapping: 0.096800 ms MarkObjects: 17.192100 ms  DeleteObjects: 1.144500 ms)

========================================================================
Received Import Request.
  Time since last request: 136.342007 seconds.
  path: Assets/02.Scripts/BuildingUISelect.cs
  artifactKey: Guid(d0476680c5d32ff46959d85b5219d715) Importer(815301076,1909f56bfc062723c751e8b465ee728b)
Start importing Assets/02.Scripts/BuildingUISelect.cs using Guid(d0476680c5d32ff46959d85b5219d715) Importer(815301076,1909f56bfc062723c751e8b465ee728b)  -> (artifact id: '00000000000000000000000000000000') in 0.007745 seconds
  ERROR: Build asset version error: assets/02.scripts/buildinguiselect.cs in SourceAssetDB has modification time of '2021-06-21T08:48:58.353411Z' while content on disk has modification time of '2021-06-21T08:49:36.1357853Z'
  Import took 0.011140 seconds .

